# JRE version: OpenJDK Runtime Environment (8.0_152-b01) (build 1.8.0_152-release-1248-b01)
# Java VM: OpenJDK 64-Bit Server VM (25.152-b01 mixed mode linux-amd64 compressed oops)
Heap:
 PSYoungGen      total 103936K, used 10167K [0x00000000e0000000, 0x00000000e7200000, 0x0000000100000000)
  eden space 93184K, 0% used [0x00000000e0000000,0x00000000e0000000,0x00000000e5b00000)
  from space 10752K, 94% used [0x00000000e6780000,0x00000000e716df88,0x00000000e7200000)
  to   space 11776K, 0% used [0x00000000e5b00000,0x00000000e5b00000,0x00000000e6680000)
 ParOldGen       total 109056K, used 9660K [0x00000000a0000000, 0x00000000a6a80000, 0x00000000e0000000)
  object space 109056K, 8% used [0x00000000a0000000,0x00000000a096f1d0,0x00000000a6a80000)
 Metaspace       used 34791K, capacity 35348K, committed 35496K, reserved 1079296K
  class space    used 4850K, capacity 5092K, committed 5168K, reserved 1048576K
GC Heap History (10 events):
Event: 3.351 GC heap after
Heap after GC invocations=3 (full 0):
 PSYoungGen      total 74752K, used 9830K [0x00000000e0000000, 0x00000000e5300000, 0x0000000100000000)
  eden space 64512K, 0% used [0x00000000e0000000,0x00000000e0000000,0x00000000e3f00000)
  from space 10240K, 96% used [0x00000000e3f00000,0x00000000e4899ab0,0x00000000e4900000)
  to   space 10240K, 0% used [0x00000000e4900000,0x00000000e4900000,0x00000000e5300000)
 ParOldGen       total 171008K, used 329K [0x00000000a0000000, 0x00000000aa700000, 0x00000000e0000000)
  object space 171008K, 0% used [0x00000000a0000000,0x00000000a0052420,0x00000000aa700000)
 Metaspace       used 20753K, capacity 21204K, committed 21296K, reserved 1067008K
  class space    used 2926K, capacity 3116K, committed 3120K, reserved 1048576K
}
Event: 3.352 GC heap before
{Heap before GC invocations=4 (full 1):
 PSYoungGen      total 74752K, used 9830K [0x00000000e0000000, 0x00000000e5300000, 0x0000000100000000)
  eden space 64512K, 0% used [0x00000000e0000000,0x00000000e0000000,0x00000000e3f00000)
  from space 10240K, 96% used [0x00000000e3f00000,0x00000000e4899ab0,0x00000000e4900000)
  to   space 10240K, 0% used [0x00000000e4900000,0x00000000e4900000,0x00000000e5300000)
 ParOldGen       total 171008K, used 329K [0x00000000a0000000, 0x00000000aa700000, 0x00000000e0000000)
  object space 171008K, 0% used [0x00000000a0000000,0x00000000a0052420,0x00000000aa700000)
 Metaspace       used 20753K, capacity 21204K, committed 21296K, reserved 1067008K
  class space    used 2926K, capacity 3116K, committed 3120K, reserved 1048576K
Event: 3.371 GC heap after
Heap after GC invocations=4 (full 1):
 PSYoungGen      total 74752K, used 0K [0x00000000e0000000, 0x00000000e5300000, 0x0000000100000000)
  eden space 64512K, 0% used [0x00000000e0000000,0x00000000e0000000,0x00000000e3f00000)
  from space 10240K, 0% used [0x00000000e3f00000,0x00000000e3f00000,0x00000000e4900000)
  to   space 10240K, 0% used [0x00000000e4900000,0x00000000e4900000,0x00000000e5300000)
 ParOldGen       total 109056K, used 9636K [0x00000000a0000000, 0x00000000a6a80000, 0x00000000e0000000)
  object space 109056K, 8% used [0x00000000a0000000,0x00000000a09691d0,0x00000000a6a80000)
 Metaspace       used 20753K, capacity 21204K, committed 21296K, reserved 1067008K
  class space    used 2926K, capacity 3116K, committed 3120K, reserved 1048576K
}
Event: 4.055 GC heap before
{Heap before GC invocations=5 (full 1):
 PSYoungGen      total 74752K, used 64512K [0x00000000e0000000, 0x00000000e5300000, 0x0000000100000000)
  eden space 64512K, 100% used [0x00000000e0000000,0x00000000e3f00000,0x00000000e3f00000)
  from space 10240K, 0% used [0x00000000e3f00000,0x00000000e3f00000,0x00000000e4900000)
  to   space 10240K, 0% used [0x00000000e4900000,0x00000000e4900000,0x00000000e5300000)
 ParOldGen       total 109056K, used 9636K [0x00000000a0000000, 0x00000000a6a80000, 0x00000000e0000000)
  object space 109056K, 8% used [0x00000000a0000000,0x00000000a09691d0,0x00000000a6a80000)
 Metaspace       used 26885K, capacity 27330K, committed 27440K, reserved 1073152K
  class space    used 3684K, capacity 3871K, committed 3888K, reserved 1048576K
Event: 4.062 GC heap after
Heap after GC invocations=5 (full 1):
 PSYoungGen      total 74752K, used 7119K [0x00000000e0000000, 0x00000000e7380000, 0x0000000100000000)
  eden space 64512K, 0% used [0x00000000e0000000,0x00000000e0000000,0x00000000e3f00000)
  from space 10240K, 69% used [0x00000000e4900000,0x00000000e4ff3e30,0x00000000e5300000)
  to   space 10240K, 0% used [0x00000000e3f00000,0x00000000e3f00000,0x00000000e4900000)
 ParOldGen       total 109056K, used 9644K [0x00000000a0000000, 0x00000000a6a80000, 0x00000000e0000000)
  object space 109056K, 8% used [0x00000000a0000000,0x00000000a096b1d0,0x00000000a6a80000)
 Metaspace       used 26885K, capacity 27330K, committed 27440K, reserved 1073152K
  class space    used 3684K, capacity 3871K, committed 3888K, reserved 1048576K
}
Event: 5.895 GC heap before
{Heap before GC invocations=6 (full 1):
 PSYoungGen      total 74752K, used 71631K [0x00000000e0000000, 0x00000000e7380000, 0x0000000100000000)
  eden space 64512K, 100% used [0x00000000e0000000,0x00000000e3f00000,0x00000000e3f00000)
  from space 10240K, 69% used [0x00000000e4900000,0x00000000e4ff3e30,0x00000000e5300000)
  to   space 10240K, 0% used [0x00000000e3f00000,0x00000000e3f00000,0x00000000e4900000)
 ParOldGen       total 109056K, used 9644K [0x00000000a0000000, 0x00000000a6a80000, 0x00000000e0000000)
  object space 109056K, 8% used [0x00000000a0000000,0x00000000a096b1d0,0x00000000a6a80000)
 Metaspace       used 30233K, capacity 30702K, committed 30896K, reserved 1075200K
  class space    used 4202K, capacity 4418K, committed 4528K, reserved 1048576K
Event: 5.898 GC heap after
Heap after GC invocations=6 (full 1):
 PSYoungGen      total 74752K, used 8299K [0x00000000e0000000, 0x00000000e7280000, 0x0000000100000000)
  eden space 64512K, 0% used [0x00000000e0000000,0x00000000e0000000,0x00000000e3f00000)
  from space 10240K, 81% used [0x00000000e3f00000,0x00000000e471ad60,0x00000000e4900000)
  to   space 11264K, 0% used [0x00000000e6780000,0x00000000e6780000,0x00000000e7280000)
 ParOldGen       total 109056K, used 9652K [0x00000000a0000000, 0x00000000a6a80000, 0x00000000e0000000)
  object space 109056K, 8% used [0x00000000a0000000,0x00000000a096d1d0,0x00000000a6a80000)
 Metaspace       used 30233K, capacity 30702K, committed 30896K, reserved 1075200K
  class space    used 4202K, capacity 4418K, committed 4528K, reserved 1048576K
}
Event: 7.732 GC heap before
{Heap before GC invocations=7 (full 1):
 PSYoungGen      total 74752K, used 49763K [0x00000000e0000000, 0x00000000e7280000, 0x0000000100000000)
  eden space 64512K, 64% used [0x00000000e0000000,0x00000000e287df20,0x00000000e3f00000)
  from space 10240K, 81% used [0x00000000e3f00000,0x00000000e471ad60,0x00000000e4900000)
  to   space 11264K, 0% used [0x00000000e6780000,0x00000000e6780000,0x00000000e7280000)
 ParOldGen       total 109056K, used 9652K [0x00000000a0000000, 0x00000000a6a80000, 0x00000000e0000000)
  object space 109056K, 8% used [0x00000000a0000000,0x00000000a096d1d0,0x00000000a6a80000)
 Metaspace       used 34791K, capacity 35348K, committed 35496K, reserved 1079296K
  class space    used 4850K, capacity 5092K, committed 5168K, reserved 1048576K
Event: 7.738 GC heap after
Heap after GC invocations=7 (full 1):
 PSYoungGen      total 103936K, used 10167K [0x00000000e0000000, 0x00000000e7200000, 0x0000000100000000)
  eden space 93184K, 0% used [0x00000000e0000000,0x00000000e0000000,0x00000000e5b00000)
  from space 10752K, 94% used [0x00000000e6780000,0x00000000e716df88,0x00000000e7200000)
  to   space 11776K, 0% used [0x00000000e5b00000,0x00000000e5b00000,0x00000000e6680000)
 ParOldGen       total 109056K, used 9660K [0x00000000a0000000, 0x00000000a6a80000, 0x00000000e0000000)
  object space 109056K, 8% used [0x00000000a0000000,0x00000000a096f1d0,0x00000000a6a80000)
 Metaspace       used 34791K, capacity 35348K, committed 35496K, reserved 1079296K
  class space    used 4850K, capacity 5092K, committed 5168K, reserved 1048576K
}
Event: 7.738 GC heap before
{Heap before GC invocations=8 (full 2):
 PSYoungGen      total 103936K, used 10167K [0x00000000e0000000, 0x00000000e7200000, 0x0000000100000000)
  eden space 93184K, 0% used [0x00000000e0000000,0x00000000e0000000,0x00000000e5b00000)
  from space 10752K, 94% used [0x00000000e6780000,0x00000000e716df88,0x00000000e7200000)
  to   space 11776K, 0% used [0x00000000e5b00000,0x00000000e5b00000,0x00000000e6680000)
 ParOldGen       total 109056K, used 9660K [0x00000000a0000000, 0x00000000a6a80000, 0x00000000e0000000)
  object space 109056K, 8% used [0x00000000a0000000,0x00000000a096f1d0,0x00000000a6a80000)
 Metaspace       used 34791K, capacity 35348K, committed 35496K, reserved 1079296K
  class space    used 4850K, capacity 5092K, committed 5168K, reserved 1048576K

